2025-04-13 22:30:00.112881 - Received CBT.V508.FILE744.PDS from FILE744.XMI 
2025-04-13 22:30:00.113782 - Found $$$#DATE.txt (text/plain) in CBT.V508.FILE744.PDS, moved to PDS/$$$#DATE
2025-04-13 22:30:00.113861 - Found $INSTALL.jcl (text/plain) in CBT.V508.FILE744.PDS, moved to PDS/$INSTALL
2025-04-13 22:30:00.113923 - Found $INSTALS.jcl (text/plain) in CBT.V508.FILE744.PDS, moved to PDS/$INSTALS
2025-04-13 22:30:00.114963 - Found $RREPDF.pdf (application/pdf) in CBT.V508.FILE744.PDS, moved to docs/$RREPDF.pdf
2025-04-13 22:30:00.115047 - Found @FILE744.txt (text/plain) in CBT.V508.FILE744.PDS, moved to PDS/@FILE744
2025-04-13 22:30:00.115141 - Found COMMANDS.xmi (application/xmit) in CBT.V508.FILE744.PDS, moved to PDS/COMMANDS.xmi
2025-04-13 22:30:00.203271 - Received RA2002.RRE340.COMMANDS from COMMANDS.xmi 
2025-04-13 22:30:00.204538 - Found $$$$DOC.txt (text/plain) in RA2002.RRE340.COMMANDS, moved to COMMANDS/$$$$DOC
2025-04-13 22:30:00.204607 - Found $DUMMY.x-empty (application/x-empty) in RA2002.RRE340.COMMANDS, moved to COMMANDS/$DUMMY
2025-04-13 22:30:00.204666 - Found $0400M01.txt (text/plain) in RA2002.RRE340.COMMANDS, moved to COMMANDS/$0400M01
2025-04-13 22:30:00.204725 - Found $0400M02.txt (text/plain) in RA2002.RRE340.COMMANDS, moved to COMMANDS/$0400M02
2025-04-13 22:30:00.204782 - Found $0400M03.txt (text/plain) in RA2002.RRE340.COMMANDS, moved to COMMANDS/$0400M03
2025-04-13 22:30:00.204878 - Found $0400M04.txt (text/plain) in RA2002.RRE340.COMMANDS, moved to COMMANDS/$0400M04
2025-04-13 22:30:00.204945 - Found $0400M05.txt (text/plain) in RA2002.RRE340.COMMANDS, moved to COMMANDS/$0400M05
2025-04-13 22:30:00.205017 - Found $0402M01.txt (text/plain) in RA2002.RRE340.COMMANDS, moved to COMMANDS/$0402M01
2025-04-13 22:30:00.205085 - Found $0403M01.txt (text/plain) in RA2002.RRE340.COMMANDS, moved to COMMANDS/$0403M01
2025-04-13 22:30:00.205143 - Found $0404M01.txt (text/plain) in RA2002.RRE340.COMMANDS, moved to COMMANDS/$0404M01
2025-04-13 22:30:00.205211 - Found $0410M01.txt (text/plain) in RA2002.RRE340.COMMANDS, moved to COMMANDS/$0410M01
2025-04-13 22:30:00.205271 - Found $0500M02.txt (text/plain) in RA2002.RRE340.COMMANDS, moved to COMMANDS/$0500M02
2025-04-13 22:30:00.205335 - Found $0500M03.txt (text/plain) in RA2002.RRE340.COMMANDS, moved to COMMANDS/$0500M03
2025-04-13 22:30:00.205391 - Found $0500M04.txt (text/plain) in RA2002.RRE340.COMMANDS, moved to COMMANDS/$0500M04
2025-04-13 22:30:00.205469 - Found $0505M01.txt (text/plain) in RA2002.RRE340.COMMANDS, moved to COMMANDS/$0505M01
2025-04-13 22:30:00.205543 - Found $0540M01.txt (text/plain) in RA2002.RRE340.COMMANDS, moved to COMMANDS/$0540M01
2025-04-13 22:30:00.205607 - Found $0540M02.txt (text/plain) in RA2002.RRE340.COMMANDS, moved to COMMANDS/$0540M02
2025-04-13 22:30:00.205693 - Found CONR0001.txt (text/plain) in RA2002.RRE340.COMMANDS, moved to COMMANDS/CONR0001
2025-04-13 22:30:00.205778 - Found DSNR0001.txt (text/plain) in RA2002.RRE340.COMMANDS, moved to COMMANDS/DSNR0001
2025-04-13 22:30:00.205838 - Found GRPR0001.txt (text/plain) in RA2002.RRE340.COMMANDS, moved to COMMANDS/GRPR0001
2025-04-13 22:30:00.205896 - Found PROT.txt (text/plain) in RA2002.RRE340.COMMANDS, moved to COMMANDS/PROT
2025-04-13 22:30:00.205955 - Found TEST.txt (text/plain) in RA2002.RRE340.COMMANDS, moved to COMMANDS/TEST
2025-04-13 22:30:00.206017 - Found USRR0001.txt (text/plain) in RA2002.RRE340.COMMANDS, moved to COMMANDS/USRR0001
2025-04-13 22:30:00.207329 - Found LINKLIB.xmi (application/xmit) in CBT.V508.FILE744.PDS, moved to PDS/LINKLIB.xmi
2025-04-13 22:30:00.442621 - Received RA2002.RRE340.LINKLIB from LINKLIB.xmi 
2025-04-13 22:30:00.445117 - Found $COMPTAB.bin (application/octet-stream) in RA2002.RRE340.LINKLIB, moved to LINKLIB/$COMPTAB
2025-04-13 22:30:00.445216 - Found DEB$SO10.bin (application/octet-stream) in RA2002.RRE340.LINKLIB, moved to LINKLIB/DEB$SO10
2025-04-13 22:30:00.445285 - Found DEB$SO11.bin (application/octet-stream) in RA2002.RRE340.LINKLIB, moved to LINKLIB/DEB$SO11
2025-04-13 22:30:00.445383 - Found DEB$SO12.bin (application/octet-stream) in RA2002.RRE340.LINKLIB, moved to LINKLIB/DEB$SO12
2025-04-13 22:30:00.445465 - Found DEB$SO14.bin (application/octet-stream) in RA2002.RRE340.LINKLIB, moved to LINKLIB/DEB$SO14
2025-04-13 22:30:00.445537 - Found DEB$SO15.bin (application/octet-stream) in RA2002.RRE340.LINKLIB, moved to LINKLIB/DEB$SO15
2025-04-13 22:30:00.445603 - Found DEB$SO16.bin (application/octet-stream) in RA2002.RRE340.LINKLIB, moved to LINKLIB/DEB$SO16
2025-04-13 22:30:00.445669 - Found DEB$SO17.bin (application/octet-stream) in RA2002.RRE340.LINKLIB, moved to LINKLIB/DEB$SO17
2025-04-13 22:30:00.445735 - Found DEB$SO20.bin (application/octet-stream) in RA2002.RRE340.LINKLIB, moved to LINKLIB/DEB$SO20
2025-04-13 22:30:00.445799 - Found DEB$SO21.bin (application/octet-stream) in RA2002.RRE340.LINKLIB, moved to LINKLIB/DEB$SO21
2025-04-13 22:30:00.445867 - Found DEB$SO22.bin (application/octet-stream) in RA2002.RRE340.LINKLIB, moved to LINKLIB/DEB$SO22
2025-04-13 22:30:00.445925 - Found DEB$SWBL.bin (application/octet-stream) in RA2002.RRE340.LINKLIB, moved to LINKLIB/DEB$SWBL
2025-04-13 22:30:00.445986 - Found DEB$SWOA.bin (application/octet-stream) in RA2002.RRE340.LINKLIB, moved to LINKLIB/DEB$SWOA
2025-04-13 22:30:00.446051 - Found DEB$SWOC.bin (application/octet-stream) in RA2002.RRE340.LINKLIB, moved to LINKLIB/DEB$SWOC
2025-04-13 22:30:00.446141 - Found DEB$SWOD.bin (application/octet-stream) in RA2002.RRE340.LINKLIB, moved to LINKLIB/DEB$SWOD
2025-04-13 22:30:00.446207 - Found DEB$SWOL.bin (application/octet-stream) in RA2002.RRE340.LINKLIB, moved to LINKLIB/DEB$SWOL
2025-04-13 22:30:00.446269 - Found DEB$SWOV.bin (application/octet-stream) in RA2002.RRE340.LINKLIB, moved to LINKLIB/DEB$SWOV
2025-04-13 22:30:00.446330 - Found DEB$SWOX.bin (application/octet-stream) in RA2002.RRE340.LINKLIB, moved to LINKLIB/DEB$SWOX
2025-04-13 22:30:00.446391 - Found DEB$SWOY.bin (application/octet-stream) in RA2002.RRE340.LINKLIB, moved to LINKLIB/DEB$SWOY
2025-04-13 22:30:00.446456 - Found DEB$SWO1.bin (application/octet-stream) in RA2002.RRE340.LINKLIB, moved to LINKLIB/DEB$SWO1
2025-04-13 22:30:00.446532 - Found DEB$SWO2.bin (application/octet-stream) in RA2002.RRE340.LINKLIB, moved to LINKLIB/DEB$SWO2
2025-04-13 22:30:00.446614 - Found DEB$SWO3.bin (application/octet-stream) in RA2002.RRE340.LINKLIB, moved to LINKLIB/DEB$SWO3
2025-04-13 22:30:00.446680 - Found DEB$SWO4.bin (application/octet-stream) in RA2002.RRE340.LINKLIB, moved to LINKLIB/DEB$SWO4
2025-04-13 22:30:00.446740 - Found DEB$SWO5.bin (application/octet-stream) in RA2002.RRE340.LINKLIB, moved to LINKLIB/DEB$SWO5
2025-04-13 22:30:00.446802 - Found DEB$SWO6.bin (application/octet-stream) in RA2002.RRE340.LINKLIB, moved to LINKLIB/DEB$SWO6
2025-04-13 22:30:00.446860 - Found DEB$SWO7.bin (application/octet-stream) in RA2002.RRE340.LINKLIB, moved to LINKLIB/DEB$SWO7
2025-04-13 22:30:00.446922 - Found DEB$SWO8.bin (application/octet-stream) in RA2002.RRE340.LINKLIB, moved to LINKLIB/DEB$SWO8
2025-04-13 22:30:00.446985 - Found DEB$SW1H.bin (application/octet-stream) in RA2002.RRE340.LINKLIB, moved to LINKLIB/DEB$SW1H
2025-04-13 22:30:00.447053 - Found DEB$SW1R.bin (application/octet-stream) in RA2002.RRE340.LINKLIB, moved to LINKLIB/DEB$SW1R
2025-04-13 22:30:00.447127 - Found DEB$SW10.bin (application/octet-stream) in RA2002.RRE340.LINKLIB, moved to LINKLIB/DEB$SW10
2025-04-13 22:30:00.447190 - Found DEB$SW11.bin (application/octet-stream) in RA2002.RRE340.LINKLIB, moved to LINKLIB/DEB$SW11
2025-04-13 22:30:00.447256 - Found DEB$SW12.bin (application/octet-stream) in RA2002.RRE340.LINKLIB, moved to LINKLIB/DEB$SW12
2025-04-13 22:30:00.447320 - Found DEB$SW14.bin (application/octet-stream) in RA2002.RRE340.LINKLIB, moved to LINKLIB/DEB$SW14
2025-04-13 22:30:00.447382 - Found DEB$SW15.bin (application/octet-stream) in RA2002.RRE340.LINKLIB, moved to LINKLIB/DEB$SW15
2025-04-13 22:30:00.447446 - Found DEB$SW16.bin (application/octet-stream) in RA2002.RRE340.LINKLIB, moved to LINKLIB/DEB$SW16
2025-04-13 22:30:00.447515 - Found DEB$SW17.bin (application/octet-stream) in RA2002.RRE340.LINKLIB, moved to LINKLIB/DEB$SW17
2025-04-13 22:30:00.447580 - Found DEB$SW20.bin (application/octet-stream) in RA2002.RRE340.LINKLIB, moved to LINKLIB/DEB$SW20
2025-04-13 22:30:00.447641 - Found DEB$SW21.bin (application/octet-stream) in RA2002.RRE340.LINKLIB, moved to LINKLIB/DEB$SW21
2025-04-13 22:30:00.447702 - Found DEB$SW22.bin (application/octet-stream) in RA2002.RRE340.LINKLIB, moved to LINKLIB/DEB$SW22
2025-04-13 22:30:00.447763 - Found DEB$SW23.bin (application/octet-stream) in RA2002.RRE340.LINKLIB, moved to LINKLIB/DEB$SW23
2025-04-13 22:30:00.447850 - Found DEB$SW30.bin (application/octet-stream) in RA2002.RRE340.LINKLIB, moved to LINKLIB/DEB$SW30
2025-04-13 22:30:00.447921 - Found DEB$SW31.bin (application/octet-stream) in RA2002.RRE340.LINKLIB, moved to LINKLIB/DEB$SW31
2025-04-13 22:30:00.447984 - Found DEB$SW32.bin (application/octet-stream) in RA2002.RRE340.LINKLIB, moved to LINKLIB/DEB$SW32
2025-04-13 22:30:00.448045 - Found DEB$SW33.bin (application/octet-stream) in RA2002.RRE340.LINKLIB, moved to LINKLIB/DEB$SW33
2025-04-13 22:30:00.448106 - Found DEB$SW34.bin (application/octet-stream) in RA2002.RRE340.LINKLIB, moved to LINKLIB/DEB$SW34
2025-04-13 22:30:00.448167 - Found DEB$SW40.bin (application/octet-stream) in RA2002.RRE340.LINKLIB, moved to LINKLIB/DEB$SW40
2025-04-13 22:30:00.448229 - Found DEB$SW41.bin (application/octet-stream) in RA2002.RRE340.LINKLIB, moved to LINKLIB/DEB$SW41
2025-04-13 22:30:00.448290 - Found DEB$SW42.bin (application/octet-stream) in RA2002.RRE340.LINKLIB, moved to LINKLIB/DEB$SW42
2025-04-13 22:30:00.448352 - Found DEB$SW43.bin (application/octet-stream) in RA2002.RRE340.LINKLIB, moved to LINKLIB/DEB$SW43
2025-04-13 22:30:00.448424 - Found DEB$SW44.bin (application/octet-stream) in RA2002.RRE340.LINKLIB, moved to LINKLIB/DEB$SW44
2025-04-13 22:30:00.448492 - Found DEB$SW50.bin (application/octet-stream) in RA2002.RRE340.LINKLIB, moved to LINKLIB/DEB$SW50
2025-04-13 22:30:00.448560 - Found DEB$SW51.bin (application/octet-stream) in RA2002.RRE340.LINKLIB, moved to LINKLIB/DEB$SW51
2025-04-13 22:30:00.448625 - Found DEB$SW52.bin (application/octet-stream) in RA2002.RRE340.LINKLIB, moved to LINKLIB/DEB$SW52
2025-04-13 22:30:00.448692 - Found DEB$SW53.bin (application/octet-stream) in RA2002.RRE340.LINKLIB, moved to LINKLIB/DEB$SW53
2025-04-13 22:30:00.448756 - Found DEB$SW54.bin (application/octet-stream) in RA2002.RRE340.LINKLIB, moved to LINKLIB/DEB$SW54
2025-04-13 22:30:00.448820 - Found DEB$SW60.bin (application/octet-stream) in RA2002.RRE340.LINKLIB, moved to LINKLIB/DEB$SW60
2025-04-13 22:30:00.448888 - Found DEB$SW61.bin (application/octet-stream) in RA2002.RRE340.LINKLIB, moved to LINKLIB/DEB$SW61
2025-04-13 22:30:00.448953 - Found DEB$SW62.bin (application/octet-stream) in RA2002.RRE340.LINKLIB, moved to LINKLIB/DEB$SW62
2025-04-13 22:30:00.449026 - Found DEB$SW63.bin (application/octet-stream) in RA2002.RRE340.LINKLIB, moved to LINKLIB/DEB$SW63
2025-04-13 22:30:00.449120 - Found DEB$SW64.bin (application/octet-stream) in RA2002.RRE340.LINKLIB, moved to LINKLIB/DEB$SW64
2025-04-13 22:30:00.449239 - Found DEB$SW70.bin (application/octet-stream) in RA2002.RRE340.LINKLIB, moved to LINKLIB/DEB$SW70
2025-04-13 22:30:00.449314 - Found DEB$SW71.bin (application/octet-stream) in RA2002.RRE340.LINKLIB, moved to LINKLIB/DEB$SW71
2025-04-13 22:30:00.449379 - Found DEB$SW72.bin (application/octet-stream) in RA2002.RRE340.LINKLIB, moved to LINKLIB/DEB$SW72
2025-04-13 22:30:00.449455 - Found DEB$SW73.bin (application/octet-stream) in RA2002.RRE340.LINKLIB, moved to LINKLIB/DEB$SW73
2025-04-13 22:30:00.449520 - Found DEB$SW74.bin (application/octet-stream) in RA2002.RRE340.LINKLIB, moved to LINKLIB/DEB$SW74
2025-04-13 22:30:00.449610 - Found DEB$SW83.bin (application/octet-stream) in RA2002.RRE340.LINKLIB, moved to LINKLIB/DEB$SW83
2025-04-13 22:30:00.449751 - Found DEB$SW84.bin (application/octet-stream) in RA2002.RRE340.LINKLIB, moved to LINKLIB/DEB$SW84
2025-04-13 22:30:00.449818 - Found DEC$BINS.bin (application/octet-stream) in RA2002.RRE340.LINKLIB, moved to LINKLIB/DEC$BINS
2025-04-13 22:30:00.449878 - Found DEC$CELL.bin (application/octet-stream) in RA2002.RRE340.LINKLIB, moved to LINKLIB/DEC$CELL
2025-04-13 22:30:00.449935 - Found DEC$HEXP.bin (application/octet-stream) in RA2002.RRE340.LINKLIB, moved to LINKLIB/DEC$HEXP
2025-04-13 22:30:00.449992 - Found DEC$HLQY.bin (application/octet-stream) in RA2002.RRE340.LINKLIB, moved to LINKLIB/DEC$HLQY
2025-04-13 22:30:00.450052 - Found DEC$JULS.bin (application/octet-stream) in RA2002.RRE340.LINKLIB, moved to LINKLIB/DEC$JULS
2025-04-13 22:30:00.450136 - Found DEC$PARS.bin (application/octet-stream) in RA2002.RRE340.LINKLIB, moved to LINKLIB/DEC$PARS
2025-04-13 22:30:00.450200 - Found DEC$SORT.bin (application/octet-stream) in RA2002.RRE340.LINKLIB, moved to LINKLIB/DEC$SORT
2025-04-13 22:30:00.450276 - Found DEC$XPRT.bin (application/octet-stream) in RA2002.RRE340.LINKLIB, moved to LINKLIB/DEC$XPRT
2025-04-13 22:30:00.450366 - Found DEC$XPUN.bin (application/octet-stream) in RA2002.RRE340.LINKLIB, moved to LINKLIB/DEC$XPUN
2025-04-13 22:30:00.450467 - Found SET$GRPA.bin (application/octet-stream) in RA2002.RRE340.LINKLIB, moved to LINKLIB/SET$GRPA
2025-04-13 22:30:00.450534 - Found SET$GRPB.bin (application/octet-stream) in RA2002.RRE340.LINKLIB, moved to LINKLIB/SET$GRPB
2025-04-13 22:30:00.450602 - Found SET$GRPS.bin (application/octet-stream) in RA2002.RRE340.LINKLIB, moved to LINKLIB/SET$GRPS
2025-04-13 22:30:00.450662 - Found SET$OWNA.bin (application/octet-stream) in RA2002.RRE340.LINKLIB, moved to LINKLIB/SET$OWNA
2025-04-13 22:30:00.450721 - Found SET$OWNB.bin (application/octet-stream) in RA2002.RRE340.LINKLIB, moved to LINKLIB/SET$OWNB
2025-04-13 22:30:00.450778 - Found SET$OWNS.bin (application/octet-stream) in RA2002.RRE340.LINKLIB, moved to LINKLIB/SET$OWNS
2025-04-13 22:30:00.450847 - Found SO12KEY0.bin (application/octet-stream) in RA2002.RRE340.LINKLIB, moved to LINKLIB/SO12KEY0
2025-04-13 22:30:00.450910 - Found SO12KEY1.bin (application/octet-stream) in RA2002.RRE340.LINKLIB, moved to LINKLIB/SO12KEY1
2025-04-13 22:30:00.450968 - Found SO12KEY2.bin (application/octet-stream) in RA2002.RRE340.LINKLIB, moved to LINKLIB/SO12KEY2
2025-04-13 22:30:00.451025 - Found SWO3KEY0.bin (application/octet-stream) in RA2002.RRE340.LINKLIB, moved to LINKLIB/SWO3KEY0
2025-04-13 22:30:00.451345 - Found SWO3KEY1.bin (application/octet-stream) in RA2002.RRE340.LINKLIB, moved to LINKLIB/SWO3KEY1
2025-04-13 22:30:00.451410 - Found SWO3KEY2.bin (application/octet-stream) in RA2002.RRE340.LINKLIB, moved to LINKLIB/SWO3KEY2
2025-04-13 22:30:00.451471 - Found SWO3KEY3.bin (application/octet-stream) in RA2002.RRE340.LINKLIB, moved to LINKLIB/SWO3KEY3
2025-04-13 22:30:00.451564 - Found SW12KEY0.bin (application/octet-stream) in RA2002.RRE340.LINKLIB, moved to LINKLIB/SW12KEY0
2025-04-13 22:30:00.451635 - Found SW12KEY1.bin (application/octet-stream) in RA2002.RRE340.LINKLIB, moved to LINKLIB/SW12KEY1
2025-04-13 22:30:00.451711 - Found SW12KEY2.bin (application/octet-stream) in RA2002.RRE340.LINKLIB, moved to LINKLIB/SW12KEY2
2025-04-13 22:30:00.451812 - Found SW60KEY1.bin (application/octet-stream) in RA2002.RRE340.LINKLIB, moved to LINKLIB/SW60KEY1
2025-04-13 22:30:00.451907 - Found SW60KEY2.bin (application/octet-stream) in RA2002.RRE340.LINKLIB, moved to LINKLIB/SW60KEY2
2025-04-13 22:30:00.451993 - Found SW61KEY1.bin (application/octet-stream) in RA2002.RRE340.LINKLIB, moved to LINKLIB/SW61KEY1
2025-04-13 22:30:00.452077 - Found SW61KEY2.bin (application/octet-stream) in RA2002.RRE340.LINKLIB, moved to LINKLIB/SW61KEY2
2025-04-13 22:30:00.452142 - Found SW62KEY1.bin (application/octet-stream) in RA2002.RRE340.LINKLIB, moved to LINKLIB/SW62KEY1
2025-04-13 22:30:00.452202 - Found SW62KEY2.bin (application/octet-stream) in RA2002.RRE340.LINKLIB, moved to LINKLIB/SW62KEY2
2025-04-13 22:30:00.452262 - Found SW63KEY1.bin (application/octet-stream) in RA2002.RRE340.LINKLIB, moved to LINKLIB/SW63KEY1
2025-04-13 22:30:00.452326 - Found SW63KEY2.bin (application/octet-stream) in RA2002.RRE340.LINKLIB, moved to LINKLIB/SW63KEY2
2025-04-13 22:30:00.452386 - Found SW64KEY1.bin (application/octet-stream) in RA2002.RRE340.LINKLIB, moved to LINKLIB/SW64KEY1
2025-04-13 22:30:00.452446 - Found SW64KEY2.bin (application/octet-stream) in RA2002.RRE340.LINKLIB, moved to LINKLIB/SW64KEY2
2025-04-13 22:30:00.454197 - Found SAMPLIB.xmi (application/xmit) in CBT.V508.FILE744.PDS, moved to PDS/SAMPLIB.xmi
2025-04-13 22:30:00.492436 - Received RA2002.RRE340.SAMPLIB from SAMPLIB.xmi 
2025-04-13 22:30:00.493149 - Found $DOC.txt (text/plain) in RA2002.RRE340.SAMPLIB, moved to SAMPLIB/$DOC
2025-04-13 22:30:00.493241 - Found $INSTALL.txt (text/plain) in RA2002.RRE340.SAMPLIB, moved to SAMPLIB/$INSTALL
2025-04-13 22:30:00.493319 - Found DEB$SWO1.txt (text/plain) in RA2002.RRE340.SAMPLIB, moved to SAMPLIB/DEB$SWO1
2025-04-13 22:30:00.493383 - Found DEB$SW1H.txt (text/plain) in RA2002.RRE340.SAMPLIB, moved to SAMPLIB/DEB$SW1H
2025-04-13 22:30:00.493466 - Found DEB$SW1R.txt (text/plain) in RA2002.RRE340.SAMPLIB, moved to SAMPLIB/DEB$SW1R
